<?xml version="1.0" encoding="UTF-8"?>
<!-- Generated by org.testng.reporters.JUnitReportReporter -->
<testsuite hostname="DESKTOP-FL6G5K8" failures="0" tests="4" name="testCases.TC_004_LoginDDT" time="50.178" errors="0" timestamp="2021-11-29T01:36:00 IST" skipped="0">
  <testcase classname="testCases.TC_004_LoginDDT" name="test_LoginDDT" time="9.195"/>
  <system-out/>
  <testcase classname="testCases.TC_004_LoginDDT" name="test_LoginDDT" time="8.389"/>
  <system-out/>
  <testcase classname="testCases.TC_004_LoginDDT" name="test_LoginDDT" time="22.050"/>
  <system-out/>
  <testcase classname="testCases.TC_004_LoginDDT" name="test_LoginDDT" time="10.544"/>
  <system-out/>
</testsuite> <!-- testCases.TC_004_LoginDDT -->
