<?xml version="1.0" encoding="UTF-8"?>
<!-- Generated by org.testng.reporters.JUnitReportReporter -->
<testsuite skipped="0" hostname="DESKTOP-FL6G5K8" name="testCases.TC_002_Login" tests="1" failures="0" timestamp="2021-11-29T22:48:49 IST" time="10.099" errors="0">
  <testcase name="test_Login" time="10.099" classname="testCases.TC_002_Login"/>
  <system-out/>
</testsuite> <!-- testCases.TC_002_Login -->
