<?xml version="1.0" encoding="UTF-8"?>
<!-- Generated by org.testng.reporters.JUnitReportReporter -->
<testsuite skipped="0" hostname="DESKTOP-FL6G5K8" name="testCases.TC_001_AccoiuntRegistration" tests="1" failures="0" timestamp="2021-11-29T22:48:49 IST" time="12.185" errors="0">
  <testcase name="test_account_registration" time="12.185" classname="testCases.TC_001_AccoiuntRegistration"/>
  <system-out/>
</testsuite> <!-- testCases.TC_001_AccoiuntRegistration -->
